<?xml version="1.0" encoding="UTF-8"?>
<!-- Generated by org.testng.reporters.JUnitReportReporter -->
<testsuite hostname="L-AH752362" name="org.test.DempTest2" tests="1" failures="0" timestamp="27 Jul 2016 04:55:40 GMT" time="12.335" errors="0">
  <testcase name="testDemo" time="12.335" classname="org.test.DempTest2"/>
</testsuite> <!-- org.test.DempTest2 -->
